<?xml version="1.0" encoding="UTF-8"?>
<testng-results ignored="0" total="1" passed="1" failed="0" skipped="0">
  <reporter-output>
    <line>
      <![CDATA[MODIFICATIONS NOT SAVED]]>
    </line>
  </reporter-output>
  <suite started-at="2023-06-19T12:25:45 IST" name="Default suite" finished-at="2023-06-19T12:26:10 IST" duration-ms="25267">
    <groups>
    </groups>
    <test started-at="2023-06-19T12:25:45 IST" name="Default test" finished-at="2023-06-19T12:26:10 IST" duration-ms="25267">
      <class name="com.Automation.TestScript.DropdownHandling">
        <test-method is-config="true" signature="Bs()[pri:0, instance:com.Automation.TestScript.DropdownHandling@3b0ca5e1]" started-at="2023-06-19T12:25:44 IST" name="Bs" finished-at="2023-06-19T12:25:45 IST" duration-ms="15" status="PASS">
          <reporter-output>
          </reporter-output>
        </test-method> <!-- Bs -->
        <test-method is-config="true" signature="BT()[pri:0, instance:com.Automation.TestScript.DropdownHandling@3b0ca5e1]" started-at="2023-06-19T12:25:45 IST" name="BT" finished-at="2023-06-19T12:25:45 IST" duration-ms="1" status="PASS">
          <reporter-output>
          </reporter-output>
        </test-method> <!-- BT -->
        <test-method is-config="true" signature="setUp()[pri:0, instance:com.Automation.TestScript.DropdownHandling@3b0ca5e1]" started-at="2023-06-19T12:25:45 IST" name="setUp" finished-at="2023-06-19T12:25:46 IST" duration-ms="1380" status="PASS">
          <reporter-output>
          </reporter-output>
        </test-method> <!-- setUp -->
        <test-method is-config="true" signature="LoginData()[pri:0, instance:com.Automation.TestScript.DropdownHandling@3b0ca5e1]" started-at="2023-06-19T12:25:46 IST" name="LoginData" finished-at="2023-06-19T12:25:59 IST" duration-ms="13157" status="PASS">
          <reporter-output>
          </reporter-output>
        </test-method> <!-- LoginData -->
        <test-method signature="dropDownHandling()[pri:0, instance:com.Automation.TestScript.DropdownHandling@3b0ca5e1]" started-at="2023-06-19T12:25:59 IST" name="dropDownHandling" finished-at="2023-06-19T12:26:09 IST" duration-ms="10343" status="PASS">
          <reporter-output>
            <line>
              <![CDATA[MODIFICATIONS NOT SAVED]]>
            </line>
          </reporter-output>
        </test-method> <!-- dropDownHandling -->
        <test-method is-config="true" signature="Logout()[pri:0, instance:com.Automation.TestScript.DropdownHandling@3b0ca5e1]" started-at="2023-06-19T12:26:09 IST" name="Logout" finished-at="2023-06-19T12:26:10 IST" duration-ms="314" status="PASS">
          <reporter-output>
          </reporter-output>
        </test-method> <!-- Logout -->
        <test-method is-config="true" signature="tearDown()[pri:0, instance:com.Automation.TestScript.DropdownHandling@3b0ca5e1]" started-at="2023-06-19T12:26:10 IST" name="tearDown" finished-at="2023-06-19T12:26:10 IST" duration-ms="0" status="PASS">
          <reporter-output>
          </reporter-output>
        </test-method> <!-- tearDown -->
      </class> <!-- com.Automation.TestScript.DropdownHandling -->
    </test> <!-- Default test -->
  </suite> <!-- Default suite -->
</testng-results>
